(0) Matthew 
(1) Mark 
(2) Luke 
(3) John 
(4) Acts 
(5) Romans 
(6) 1 Corinthians 
(7) 2 Corinthians 
(8) Galatians 
(9) Ephesians 
(10) Philippians 
(11) Colossians 
(12) 1 Thessalonians 
(13) 2 Thessalonians 
(14) 1 Timothy 
(15) 2 Timothy 
(16) Titus 
(17) Philemon 
(18) Hebrews 
(19) James 
(20) 1 Peter 
(21) 2 Peter 
(22) 1 John 
(23) 2 John 
(24) 3 John 
(25) Jude 
(26) Revelation 
Select Book
0
2
word count=38

(15) Nyo koruapu ma igbiki mi oki se ini duko ini piri oku mi now mjeme. Okibo mimgba ene mi la soni, Juapu ma miinipa se ani duko wasama ari oku-e. Jizos Be Bu Se Oria Obudukoapu Ma Dieme 
Processing 'n' ......found (0)
Processing 'y' ......found (0)
Processing 'o' ......found (1)
(0) Nyo
(1) Nyó
(2) Nyò
(3) Nyō
(4) Nyọ́
(5) Nyọ̀
(6) Nyọ̄
Select Transcription
0

(15) Nyo koruapu ma igbiki mi oki se ini duko ini piri oku mi now mjeme. Okibo mimgba ene mi la soni, Juapu ma miinipa se ani duko wasama ari oku-e. Jizos Be Bu Se Oria Obudukoapu Ma Dieme 
Processing 'k' ......found (0)
Processing 'o' ......found (1)
Processing 'r' ......found (0)
Processing 'u' ......found (1)
k,o,r,u,a,p,u dlist=0 d=7
k,o,́,r,u,a,p,u dlist=7 d=7
k,o,̀,r,u,a,p,u dlist=14 d=7
k,o,̄,r,u,a,p,u dlist=21 d=7
k,ọ́,r,u,a,p,u dlist=28 d=7
k,ọ̀,r,u,a,p,u dlist=35 d=7
k,ọ̄,r,u,a,p,u dlist=42 d=7
Processing 'a' ......found (1)
k,o,r,u,a,p,u dlist=0 d=56
k,o,́,r,u,a,p,u dlist=4 d=56
k,o,̀,r,u,a,p,u dlist=8 d=56
k,o,̄,r,u,a,p,u dlist=12 d=56
k,ọ́,r,u,a,p,u dlist=16 d=56
k,ọ̀,r,u,a,p,u dlist=20 d=56
k,ọ̄,r,u,a,p,u dlist=24 d=56
k,o,r,u,a,p,u dlist=28 d=56
k,o,r,u,́,a,p,u dlist=32 d=56
k,o,r,u,̄,a,p,u dlist=36 d=56
k,o,r,u,̀,a,p,u dlist=40 d=56
k,o,r,ụ́,a,p,u dlist=44 d=56
k,o,r,ụ̄,a,p,u dlist=48 d=56
k,o,r,ụ̀,a,p,u dlist=52 d=56
k,o,́,u,u,a,p,u dlist=56 d=56
k,o,́,u,́,u,a,p,u dlist=60 d=56
k,o,́,u,̄,u,a,p,u dlist=64 d=56
k,o,́,u,̀,u,a,p,u dlist=68 d=56
k,o,́,ụ́,u,a,p,u dlist=72 d=56
k,o,́,ụ̄,u,a,p,u dlist=76 d=56
k,o,́,ụ̀,u,a,p,u dlist=80 d=56
k,o,̀,u,u,a,p,u dlist=84 d=56
k,o,̀,u,́,u,a,p,u dlist=88 d=56
k,o,̀,u,̄,u,a,p,u dlist=92 d=56
k,o,̀,u,̀,u,a,p,u dlist=96 d=56
k,o,̀,ụ́,u,a,p,u dlist=100 d=56
k,o,̀,ụ̄,u,a,p,u dlist=104 d=56
k,o,̀,ụ̀,u,a,p,u dlist=108 d=56
k,o,̄,u,u,a,p,u dlist=112 d=56
k,o,̄,u,́,u,a,p,u dlist=116 d=56
k,o,̄,u,̄,u,a,p,u dlist=120 d=56
k,o,̄,u,̀,u,a,p,u dlist=124 d=56
k,o,̄,ụ́,u,a,p,u dlist=128 d=56
k,o,̄,ụ̄,u,a,p,u dlist=132 d=56
k,o,̄,ụ̀,u,a,p,u dlist=136 d=56
k,ọ́,r,u,a,p,u dlist=140 d=56
k,ọ́,r,u,́,a,p,u dlist=144 d=56
k,ọ́,r,u,̄,a,p,u dlist=148 d=56
k,ọ́,r,u,̀,a,p,u dlist=152 d=56
k,ọ́,r,ụ́,a,p,u dlist=156 d=56
k,ọ́,r,ụ̄,a,p,u dlist=160 d=56
k,ọ́,r,ụ̀,a,p,u dlist=164 d=56
k,ọ̀,r,u,a,p,u dlist=168 d=56
k,ọ̀,r,u,́,a,p,u dlist=172 d=56
k,ọ̀,r,u,̄,a,p,u dlist=176 d=56
k,ọ̀,r,u,̀,a,p,u dlist=180 d=56
k,ọ̀,r,ụ́,a,p,u dlist=184 d=56
k,ọ̀,r,ụ̄,a,p,u dlist=188 d=56
k,ọ̀,r,ụ̀,a,p,u dlist=192 d=56
k,ọ̄,r,u,a,p,u dlist=196 d=56
k,ọ̄,r,u,́,a,p,u dlist=200 d=56
k,ọ̄,r,u,̄,a,p,u dlist=204 d=56
k,ọ̄,r,u,̀,a,p,u dlist=208 d=56
k,ọ̄,r,ụ́,a,p,u dlist=212 d=56
k,ọ̄,r,ụ̄,a,p,u dlist=216 d=56
k,ọ̄,r,ụ̀,a,p,u dlist=220 d=56
Processing 'p' ......found (0)
Processing 'u' ......found (1)
k,o,r,u,a,p,u dlist=0 d=280
k,o,́,r,u,a,p,u dlist=7 d=280
k,o,̀,r,u,a,p,u dlist=14 d=280
k,o,̄,r,u,a,p,u dlist=21 d=280
k,ọ́,r,u,a,p,u dlist=28 d=280
k,ọ̀,r,u,a,p,u dlist=35 d=280
k,ọ̄,r,u,a,p,u dlist=42 d=280
k,o,r,u,a,p,u dlist=49 d=280
k,o,r,u,́,a,p,u dlist=56 d=280
k,o,r,u,̄,a,p,u dlist=63 d=280
k,o,r,u,̀,a,p,u dlist=70 d=280
k,o,r,ụ́,a,p,u dlist=77 d=280
k,o,r,ụ̄,a,p,u dlist=84 d=280
k,o,r,ụ̀,a,p,u dlist=91 d=280
k,o,́,u,u,a,p,u dlist=98 d=280
k,o,́,u,́,u,a,p,u dlist=105 d=280
k,o,́,u,̄,u,a,p,u dlist=112 d=280
k,o,́,u,̀,u,a,p,u dlist=119 d=280
k,o,́,ụ́,u,a,p,u dlist=126 d=280
k,o,́,ụ̄,u,a,p,u dlist=133 d=280
k,o,́,ụ̀,u,a,p,u dlist=140 d=280
k,o,̀,u,u,a,p,u dlist=147 d=280
k,o,̀,u,́,u,a,p,u dlist=154 d=280
k,o,̀,u,̄,u,a,p,u dlist=161 d=280
k,o,̀,u,̀,u,a,p,u dlist=168 d=280
k,o,̀,ụ́,u,a,p,u dlist=175 d=280
k,o,̀,ụ̄,u,a,p,u dlist=182 d=280
k,o,̀,ụ̀,u,a,p,u dlist=189 d=280
k,o,̄,u,u,a,p,u dlist=196 d=280
k,o,̄,u,́,u,a,p,u dlist=203 d=280
k,o,̄,u,̄,u,a,p,u dlist=210 d=280
k,o,̄,u,̀,u,a,p,u dlist=217 d=280
k,o,̄,ụ́,u,a,p,u dlist=224 d=280
k,o,̄,ụ̄,u,a,p,u dlist=231 d=280
k,o,̄,ụ̀,u,a,p,u dlist=238 d=280
k,ọ́,r,u,a,p,u dlist=245 d=280
k,ọ́,r,u,́,a,p,u dlist=252 d=280
k,ọ́,r,u,̄,a,p,u dlist=259 d=280
k,ọ́,r,u,̀,a,p,u dlist=266 d=280
k,ọ́,r,ụ́,a,p,u dlist=273 d=280
k,ọ́,r,ụ̄,a,p,u dlist=280 d=280
k,ọ́,r,ụ̀,a,p,u dlist=287 d=280
k,ọ̀,r,u,a,p,u dlist=294 d=280
k,ọ̀,r,u,́,a,p,u dlist=301 d=280
k,ọ̀,r,u,̄,a,p,u dlist=308 d=280
k,ọ̀,r,u,̀,a,p,u dlist=315 d=280
k,ọ̀,r,ụ́,a,p,u dlist=322 d=280
k,ọ̀,r,ụ̄,a,p,u dlist=329 d=280
k,ọ̀,r,ụ̀,a,p,u dlist=336 d=280
k,ọ̄,r,u,a,p,u dlist=343 d=280
k,ọ̄,r,u,́,a,p,u dlist=350 d=280
k,ọ̄,r,u,̄,a,p,u dlist=357 d=280
k,ọ̄,r,u,̀,a,p,u dlist=364 d=280
k,ọ̄,r,ụ́,a,p,u dlist=371 d=280
k,ọ̄,r,ụ̄,a,p,u dlist=378 d=280
k,ọ̄,r,ụ̀,a,p,u dlist=385 d=280
k,o,r,u,a,p,u dlist=392 d=280
k,o,r,u,ā,p,u dlist=399 d=280
k,o,r,u,a,́,p,u dlist=406 d=280
k,o,r,u,a,̀,p,u dlist=413 d=280
k,o,́,r,a,a,p,u dlist=420 d=280
k,o,́,r,ā,a,p,u dlist=427 d=280
k,o,́,r,a,́,a,p,u dlist=434 d=280
k,o,́,r,a,̀,a,p,u dlist=441 d=280
k,o,̀,r,a,a,p,u dlist=448 d=280
k,o,̀,r,ā,a,p,u dlist=455 d=280
k,o,̀,r,a,́,a,p,u dlist=462 d=280
k,o,̀,r,a,̀,a,p,u dlist=469 d=280
k,o,̄,r,a,a,p,u dlist=476 d=280
k,o,̄,r,ā,a,p,u dlist=483 d=280
k,o,̄,r,a,́,a,p,u dlist=490 d=280
k,o,̄,r,a,̀,a,p,u dlist=497 d=280
k,ọ́,r,u,a,p,u dlist=504 d=280
k,ọ́,r,u,ā,p,u dlist=511 d=280
k,ọ́,r,u,a,́,p,u dlist=518 d=280
k,ọ́,r,u,a,̀,p,u dlist=525 d=280
k,ọ̀,r,u,a,p,u dlist=532 d=280
k,ọ̀,r,u,ā,p,u dlist=539 d=280
k,ọ̀,r,u,a,́,p,u dlist=546 d=280
k,ọ̀,r,u,a,̀,p,u dlist=553 d=280
k,ọ̄,r,u,a,p,u dlist=560 d=280
k,ọ̄,r,u,ā,p,u dlist=567 d=280
k,ọ̄,r,u,a,́,p,u dlist=574 d=280
k,ọ̄,r,u,a,̀,p,u dlist=581 d=280
k,o,r,u,a,p,u dlist=588 d=280
k,o,r,u,ā,p,u dlist=595 d=280
k,o,r,u,a,́,p,u dlist=602 d=280
k,o,r,u,a,̀,p,u dlist=609 d=280
k,o,r,u,a,a,p,u dlist=616 d=280
k,o,r,u,ā,a,p,u dlist=623 d=280
k,o,r,u,a,́,a,p,u dlist=630 d=280
k,o,r,u,a,̀,a,p,u dlist=637 d=280
k,o,r,u,a,a,p,u dlist=644 d=280
k,o,r,u,ā,a,p,u dlist=651 d=280
k,o,r,u,a,́,a,p,u dlist=658 d=280
k,o,r,u,a,̀,a,p,u dlist=665 d=280
k,o,r,u,a,a,p,u dlist=672 d=280
k,o,r,u,ā,a,p,u dlist=679 d=280
k,o,r,u,a,́,a,p,u dlist=686 d=280
k,o,r,u,a,̀,a,p,u dlist=693 d=280
k,o,r,ụ́,a,p,u dlist=700 d=280
k,o,r,ụ́,ā,p,u dlist=707 d=280
k,o,r,ụ́,a,́,p,u dlist=714 d=280
k,o,r,ụ́,a,̀,p,u dlist=721 d=280
k,o,r,ụ̄,a,p,u dlist=728 d=280
k,o,r,ụ̄,ā,p,u dlist=735 d=280
k,o,r,ụ̄,a,́,p,u dlist=742 d=280
k,o,r,ụ̄,a,̀,p,u dlist=749 d=280
k,o,r,ụ̀,a,p,u dlist=756 d=280
k,o,r,ụ̀,ā,p,u dlist=763 d=280
k,o,r,ụ̀,a,́,p,u dlist=770 d=280
k,o,r,ụ̀,a,̀,p,u dlist=777 d=280
k,o,́,u,a,a,p,u dlist=784 d=280
k,o,́,u,ā,a,p,u dlist=791 d=280
k,o,́,u,a,́,a,p,u dlist=798 d=280
k,o,́,u,a,̀,a,p,u dlist=805 d=280
k,o,́,u,a,u,a,p,u dlist=812 d=280
k,o,́,u,ā,u,a,p,u dlist=819 d=280
k,o,́,u,a,́,u,a,p,u dlist=826 d=280
k,o,́,u,a,̀,u,a,p,u dlist=833 d=280
k,o,́,u,a,u,a,p,u dlist=840 d=280
k,o,́,u,ā,u,a,p,u dlist=847 d=280
k,o,́,u,a,́,u,a,p,u dlist=854 d=280
k,o,́,u,a,̀,u,a,p,u dlist=861 d=280
k,o,́,u,a,u,a,p,u dlist=868 d=280
k,o,́,u,ā,u,a,p,u dlist=875 d=280
k,o,́,u,a,́,u,a,p,u dlist=882 d=280
k,o,́,u,a,̀,u,a,p,u dlist=889 d=280
k,o,́,ụ́,a,a,p,u dlist=896 d=280
k,o,́,ụ́,ā,a,p,u dlist=903 d=280
k,o,́,ụ́,a,́,a,p,u dlist=910 d=280
k,o,́,ụ́,a,̀,a,p,u dlist=917 d=280
k,o,́,ụ̄,a,a,p,u dlist=924 d=280
k,o,́,ụ̄,ā,a,p,u dlist=931 d=280
k,o,́,ụ̄,a,́,a,p,u dlist=938 d=280
k,o,́,ụ̄,a,̀,a,p,u dlist=945 d=280
k,o,́,ụ̀,a,a,p,u dlist=952 d=280
k,o,́,ụ̀,ā,a,p,u dlist=959 d=280
k,o,́,ụ̀,a,́,a,p,u dlist=966 d=280
k,o,́,ụ̀,a,̀,a,p,u dlist=973 d=280
k,o,̀,u,a,a,p,u dlist=980 d=280
k,o,̀,u,ā,a,p,u dlist=987 d=280
k,o,̀,u,a,́,a,p,u dlist=994 d=280
k,o,̀,u,a,̀,a,p,u dlist=1001 d=280
k,o,̀,u,a,u,a,p,u dlist=1008 d=280
k,o,̀,u,ā,u,a,p,u dlist=1015 d=280
k,o,̀,u,a,́,u,a,p,u dlist=1022 d=280
k,o,̀,u,a,̀,u,a,p,u dlist=1029 d=280
k,o,̀,u,a,u,a,p,u dlist=1036 d=280
k,o,̀,u,ā,u,a,p,u dlist=1043 d=280
k,o,̀,u,a,́,u,a,p,u dlist=1050 d=280
k,o,̀,u,a,̀,u,a,p,u dlist=1057 d=280
k,o,̀,u,a,u,a,p,u dlist=1064 d=280
k,o,̀,u,ā,u,a,p,u dlist=1071 d=280
k,o,̀,u,a,́,u,a,p,u dlist=1078 d=280
k,o,̀,u,a,̀,u,a,p,u dlist=1085 d=280
k,o,̀,ụ́,a,a,p,u dlist=1092 d=280
k,o,̀,ụ́,ā,a,p,u dlist=1099 d=280
k,o,̀,ụ́,a,́,a,p,u dlist=1106 d=280
k,o,̀,ụ́,a,̀,a,p,u dlist=1113 d=280
k,o,̀,ụ̄,a,a,p,u dlist=1120 d=280
k,o,̀,ụ̄,ā,a,p,u dlist=1127 d=280
k,o,̀,ụ̄,a,́,a,p,u dlist=1134 d=280
k,o,̀,ụ̄,a,̀,a,p,u dlist=1141 d=280
k,o,̀,ụ̀,a,a,p,u dlist=1148 d=280
k,o,̀,ụ̀,ā,a,p,u dlist=1155 d=280
k,o,̀,ụ̀,a,́,a,p,u dlist=1162 d=280
k,o,̀,ụ̀,a,̀,a,p,u dlist=1169 d=280
k,o,̄,u,a,a,p,u dlist=1176 d=280
k,o,̄,u,ā,a,p,u dlist=1183 d=280
k,o,̄,u,a,́,a,p,u dlist=1190 d=280
k,o,̄,u,a,̀,a,p,u dlist=1197 d=280
k,o,̄,u,a,u,a,p,u dlist=1204 d=280
k,o,̄,u,ā,u,a,p,u dlist=1211 d=280
(0) koruapu
(1) kóruapu
(2) kòruapu
(3) kōruapu
(4) kọ́ruapu
(5) kọ̀ruapu
(6) kọ̄ruapu
(7) koruapu
(8) korúapu
(9) korūapu
(10) korùapu
(11) korụ́apu
(12) korụ̄apu
(13) korụ̀apu
(14) kóuuapu
(15) kóúuapu
(16) kóūuapu
(17) kóùuapu
(18) kóụ́uapu
(19) kóụ̄uapu
(20) kóụ̀uapu
(21) kòuuapu
(22) kòúuapu
(23) kòūuapu
(24) kòùuapu
(25) kòụ́uapu
(26) kòụ̄uapu
(27) kòụ̀uapu
(28) kōuuapu
(29) kōúuapu
(30) kōūuapu
(31) kōùuapu
(32) kōụ́uapu
(33) kōụ̄uapu
(34) kōụ̀uapu
(35) kọ́ruapu
(36) kọ́rúapu
(37) kọ́rūapu
(38) kọ́rùapu
(39) kọ́rụ́apu
(40) kọ́rụ̄apu
(41) kọ́rụ̀apu
(42) kọ̀ruapu
(43) kọ̀rúapu
(44) kọ̀rūapu
(45) kọ̀rùapu
(46) kọ̀rụ́apu
(47) kọ̀rụ̄apu
(48) kọ̀rụ̀apu
(49) kọ̄ruapu
(50) kọ̄rúapu
(51) kọ̄rūapu
(52) kọ̄rùapu
(53) kọ̄rụ́apu
(54) kọ̄rụ̄apu
(55) kọ̄rụ̀apu
(56) koruapu
(57) koruāpu
(58) koruápu
(59) koruàpu
(60) kóraapu
(61) kórāapu
(62) kóráapu
(63) kóràapu
(64) kòraapu
(65) kòrāapu
(66) kòráapu
(67) kòràapu
(68) kōraapu
(69) kōrāapu
(70) kōráapu
(71) kōràapu
(72) kọ́ruapu
(73) kọ́ruāpu
(74) kọ́ruápu
(75) kọ́ruàpu
(76) kọ̀ruapu
(77) kọ̀ruāpu
(78) kọ̀ruápu
(79) kọ̀ruàpu
(80) kọ̄ruapu
(81) kọ̄ruāpu
(82) kọ̄ruápu
(83) kọ̄ruàpu
(84) koruapu
(85) koruāpu
(86) koruápu
(87) koruàpu
(88) koruaapu
(89) koruāapu
(90) koruáapu
(91) koruàapu
(92) koruaapu
(93) koruāapu
(94) koruáapu
(95) koruàapu
(96) koruaapu
(97) koruāapu
(98) koruáapu
(99) koruàapu
(100) korụ́apu
(101) korụ́āpu
(102) korụ́ápu
(103) korụ́àpu
(104) korụ̄apu
(105) korụ̄āpu
(106) korụ̄ápu
(107) korụ̄àpu
(108) korụ̀apu
(109) korụ̀āpu
(110) korụ̀ápu
(111) korụ̀àpu
(112) kóuaapu
(113) kóuāapu
(114) kóuáapu
(115) kóuàapu
(116) kóuauapu
(117) kóuāuapu
(118) kóuáuapu
(119) kóuàuapu
(120) kóuauapu
(121) kóuāuapu
(122) kóuáuapu
(123) kóuàuapu
(124) kóuauapu
(125) kóuāuapu
(126) kóuáuapu
(127) kóuàuapu
(128) kóụ́aapu
(129) kóụ́āapu
(130) kóụ́áapu
(131) kóụ́àapu
(132) kóụ̄aapu
(133) kóụ̄āapu
(134) kóụ̄áapu
(135) kóụ̄àapu
(136) kóụ̀aapu
(137) kóụ̀āapu
(138) kóụ̀áapu
(139) kóụ̀àapu
(140) kòuaapu
(141) kòuāapu
(142) kòuáapu
(143) kòuàapu
(144) kòuauapu
(145) kòuāuapu
(146) kòuáuapu
(147) kòuàuapu
(148) kòuauapu
(149) kòuāuapu
(150) kòuáuapu
(151) kòuàuapu
(152) kòuauapu
(153) kòuāuapu
(154) kòuáuapu
(155) kòuàuapu
(156) kòụ́aapu
(157) kòụ́āapu
(158) kòụ́áapu
(159) kòụ́àapu
(160) kòụ̄aapu
(161) kòụ̄āapu
(162) kòụ̄áapu
(163) kòụ̄àapu
(164) kòụ̀aapu
(165) kòụ̀āapu
(166) kòụ̀áapu
(167) kòụ̀àapu
(168) kōuaapu
(169) kōuāapu
(170) kōuáapu
(171) kōuàapu
(172) kōuauapu
(173) kōuāuapu
(174) kōuáuapu
(175) kōuàuapu
(176) kōuauapu
(177) kōuāuapu
(178) kōuáuapu
(179) kōuàuapu
(180) kōuauapu
(181) kōuāuapu
(182) kōuáuapu
(183) kōuàuapu
(184) kōụ́aapu
(185) kōụ́āapu
(186) kōụ́áapu
(187) kōụ́àapu
(188) kōụ̄aapu
(189) kōụ̄āapu
(190) kōụ̄áapu
(191) kōụ̄àapu
(192) kōụ̀aapu
(193) kōụ̀āapu
(194) kōụ̀áapu
(195) kōụ̀àapu
(196) kọ́ruapu
(197) kọ́ruāpu
(198) kọ́ruápu
(199) kọ́ruàpu
(200) kọ́ruaapu
(201) kọ́ruāapu
(202) kọ́ruáapu
(203) kọ́ruàapu
(204) kọ́ruaapu
(205) kọ́ruāapu
(206) kọ́ruáapu
(207) kọ́ruàapu
(208) kọ́ruaapu
(209) kọ́ruāapu
(210) kọ́ruáapu
(211) kọ́ruàapu
(212) kọ́rụ́apu
(213) kọ́rụ́āpu
(214) kọ́rụ́ápu
(215) kọ́rụ́àpu
(216) kọ́rụ̄apu
(217) kọ́rụ̄āpu
(218) kọ́rụ̄ápu
(219) kọ́rụ̄àpu
(220) kọ́rụ̀apu
(221) kọ́rụ̀āpu
(222) kọ́rụ̀ápu
(223) kọ́rụ̀àpu
(224) kọ̀ruapu
(225) kọ̀ruāpu
(226) kọ̀ruápu
(227) kọ̀ruàpu
(228) kọ̀ruaapu
(229) kọ̀ruāapu
(230) kọ̀ruáapu
(231) kọ̀ruàapu
(232) kọ̀ruaapu
(233) kọ̀ruāapu
(234) kọ̀ruáapu
(235) kọ̀ruàapu
(236) kọ̀ruaapu
(237) kọ̀ruāapu
(238) kọ̀ruáapu
(239) kọ̀ruàapu
(240) kọ̀rụ́apu
(241) kọ̀rụ́āpu
(242) kọ̀rụ́ápu
(243) kọ̀rụ́àpu
(244) kọ̀rụ̄apu
(245) kọ̀rụ̄āpu
(246) kọ̀rụ̄ápu
(247) kọ̀rụ̄àpu
(248) kọ̀rụ̀apu
(249) kọ̀rụ̀āpu
(250) kọ̀rụ̀ápu
(251) kọ̀rụ̀àpu
(252) kọ̄ruapu
(253) kọ̄ruāpu
(254) kọ̄ruápu
(255) kọ̄ruàpu
(256) kọ̄ruaapu
(257) kọ̄ruāapu
(258) kọ̄ruáapu
(259) kọ̄ruàapu
(260) kọ̄ruaapu
(261) kọ̄ruāapu
(262) kọ̄ruáapu
(263) kọ̄ruàapu
(264) kọ̄ruaapu
(265) kọ̄ruāapu
(266) kọ̄ruáapu
(267) kọ̄ruàapu
(268) kọ̄rụ́apu
(269) kọ̄rụ́āpu
(270) kọ̄rụ́ápu
(271) kọ̄rụ́àpu
(272) kọ̄rụ̄apu
(273) kọ̄rụ̄āpu
(274) kọ̄rụ̄ápu
(275) kọ̄rụ̄àpu
(276) kọ̄rụ̀apu
(277) kọ̄rụ̀āpu
(278) kọ̄rụ̀ápu
(279) kọ̄rụ̀àpu
(280) koruapu
(281) koruapú
(282) koruapū
(283) koruapù
(284) koruapụ́
(285) koruapụ̄
(286) koruapụ̀
(287) kóruauu
(288) kóruaúu
(289) kóruaūu
(290) kóruaùu
(291) kóruaụ́u
(292) kóruaụ̄u
(293) kóruaụ̀u
(294) kòruauu
(295) kòruaúu
(296) kòruaūu
(297) kòruaùu
(298) kòruaụ́u
(299) kòruaụ̄u
(300) kòruaụ̀u
(301) kōruauu
(302) kōruaúu
(303) kōruaūu
(304) kōruaùu
(305) kōruaụ́u
(306) kōruaụ̄u
(307) kōruaụ̀u
(308) kọ́ruapu
(309) kọ́ruapú
(310) kọ́ruapū
(311) kọ́ruapù
(312) kọ́ruapụ́
(313) kọ́ruapụ̄
(314) kọ́ruapụ̀
(315) kọ̀ruapu
(316) kọ̀ruapú
(317) kọ̀ruapū
(318) kọ̀ruapù
(319) kọ̀ruapụ́
(320) kọ̀ruapụ̄
(321) kọ̀ruapụ̀
(322) kọ̄ruapu
(323) kọ̄ruapú
(324) kọ̄ruapū
(325) kọ̄ruapù
(326) kọ̄ruapụ́
(327) kọ̄ruapụ̄
(328) kọ̄ruapụ̀
(329) koruapu
(330) koruapú
(331) koruapū
(332) koruapù
(333) koruapụ́
(334) koruapụ̄
(335) koruapụ̀
(336) korúauu
(337) korúaúu
(338) korúaūu
(339) korúaùu
(340) korúaụ́u
(341) korúaụ̄u
(342) korúaụ̀u
(343) korūauu
(344) korūaúu
(345) korūaūu
(346) korūaùu
(347) korūaụ́u
(348) korūaụ̄u
(349) korūaụ̀u
(350) korùauu
(351) korùaúu
(352) korùaūu
(353) korùaùu
(354) korùaụ́u
(355) korùaụ̄u
(356) korùaụ̀u
(357) korụ́apu
(358) korụ́apú
(359) korụ́apū
(360) korụ́apù
(361) korụ́apụ́
(362) korụ́apụ̄
(363) korụ́apụ̀
(364) korụ̄apu
(365) korụ̄apú
(366) korụ̄apū
(367) korụ̄apù
(368) korụ̄apụ́
(369) korụ̄apụ̄
(370) korụ̄apụ̀
(371) korụ̀apu
(372) korụ̀apú
(373) korụ̀apū
(374) korụ̀apù
(375) korụ̀apụ́
(376) korụ̀apụ̄
(377) korụ̀apụ̀
(378) kóuuauu
(379) kóuuaúu
(380) kóuuaūu
(381) kóuuaùu
(382) kóuuaụ́u
(383) kóuuaụ̄u
(384) kóuuaụ̀u
(385) kóúuupu
(386) kóúuúpu
(387) kóúuūpu
(388) kóúuùpu
(389) kóúuụ́pu
(390) kóúuụ̄pu
(391) kóúuụ̀pu
(392) kóūuupu
(393) kóūuúpu
(394) kóūuūpu
(395) kóūuùpu
(396) kóūuụ́pu
(397) kóūuụ̄pu
(398) kóūuụ̀pu
(399) kóùuupu
(400) kóùuúpu
(401) kóùuūpu
(402) kóùuùpu
(403) kóùuụ́pu
(404) kóùuụ̄pu
(405) kóùuụ̀pu
(406) kóụ́uauu
(407) kóụ́uaúu
(408) kóụ́uaūu
(409) kóụ́uaùu
(410) kóụ́uaụ́u
(411) kóụ́uaụ̄u
(412) kóụ́uaụ̀u
(413) kóụ̄uauu
(414) kóụ̄uaúu
(415) kóụ̄uaūu
(416) kóụ̄uaùu
(417) kóụ̄uaụ́u
(418) kóụ̄uaụ̄u
(419) kóụ̄uaụ̀u
(420) kóụ̀uauu
(421) kóụ̀uaúu
(422) kóụ̀uaūu
(423) kóụ̀uaùu
(424) kóụ̀uaụ́u
(425) kóụ̀uaụ̄u
(426) kóụ̀uaụ̀u
(427) kòuuauu
(428) kòuuaúu
(429) kòuuaūu
(430) kòuuaùu
(431) kòuuaụ́u
(432) kòuuaụ̄u
(433) kòuuaụ̀u
(434) kòúuupu
(435) kòúuúpu
(436) kòúuūpu
(437) kòúuùpu
(438) kòúuụ́pu
(439) kòúuụ̄pu
(440) kòúuụ̀pu
(441) kòūuupu
(442) kòūuúpu
(443) kòūuūpu
(444) kòūuùpu
(445) kòūuụ́pu
(446) kòūuụ̄pu
(447) kòūuụ̀pu
(448) kòùuupu
(449) kòùuúpu
(450) kòùuūpu
(451) kòùuùpu
(452) kòùuụ́pu
(453) kòùuụ̄pu
(454) kòùuụ̀pu
(455) kòụ́uauu
(456) kòụ́uaúu
(457) kòụ́uaūu
(458) kòụ́uaùu
(459) kòụ́uaụ́u
(460) kòụ́uaụ̄u
(461) kòụ́uaụ̀u
(462) kòụ̄uauu
(463) kòụ̄uaúu
(464) kòụ̄uaūu
(465) kòụ̄uaùu
(466) kòụ̄uaụ́u
(467) kòụ̄uaụ̄u
(468) kòụ̄uaụ̀u
(469) kòụ̀uauu
(470) kòụ̀uaúu
(471) kòụ̀uaūu
(472) kòụ̀uaùu
(473) kòụ̀uaụ́u
(474) kòụ̀uaụ̄u
(475) kòụ̀uaụ̀u
(476) kōuuauu
(477) kōuuaúu
(478) kōuuaūu
(479) kōuuaùu
(480) kōuuaụ́u
(481) kōuuaụ̄u
(482) kōuuaụ̀u
(483) kōúuupu
(484) kōúuúpu
(485) kōúuūpu
(486) kōúuùpu
(487) kōúuụ́pu
(488) kōúuụ̄pu
(489) kōúuụ̀pu
(490) kōūuupu
(491) kōūuúpu
(492) kōūuūpu
(493) kōūuùpu
(494) kōūuụ́pu
(495) kōūuụ̄pu
(496) kōūuụ̀pu
(497) kōùuupu
(498) kōùuúpu
(499) kōùuūpu
(500) kōùuùpu
(501) kōùuụ́pu
(502) kōùuụ̄pu
(503) kōùuụ̀pu
(504) kōụ́uauu
(505) kōụ́uaúu
(506) kōụ́uaūu
(507) kōụ́uaùu
(508) kōụ́uaụ́u
(509) kōụ́uaụ̄u
(510) kōụ́uaụ̀u
(511) kōụ̄uauu
(512) kōụ̄uaúu
(513) kōụ̄uaūu
(514) kōụ̄uaùu
(515) kōụ̄uaụ́u
(516) kōụ̄uaụ̄u
(517) kōụ̄uaụ̀u
(518) kōụ̀uauu
(519) kōụ̀uaúu
(520) kōụ̀uaūu
(521) kōụ̀uaùu
(522) kōụ̀uaụ́u
(523) kōụ̀uaụ̄u
(524) kōụ̀uaụ̀u
(525) kọ́ruapu
(526) kọ́ruapú
(527) kọ́ruapū
(528) kọ́ruapù
(529) kọ́ruapụ́
(530) kọ́ruapụ̄
(531) kọ́ruapụ̀
(532) kọ́rúauu
(533) kọ́rúaúu
(534) kọ́rúaūu
(535) kọ́rúaùu
(536) kọ́rúaụ́u
(537) kọ́rúaụ̄u
(538) kọ́rúaụ̀u
(539) kọ́rūauu
(540) kọ́rūaúu
(541) kọ́rūaūu
(542) kọ́rūaùu
(543) kọ́rūaụ́u
(544) kọ́rūaụ̄u
(545) kọ́rūaụ̀u
(546) kọ́rùauu
(547) kọ́rùaúu
(548) kọ́rùaūu
(549) kọ́rùaùu
(550) kọ́rùaụ́u
(551) kọ́rùaụ̄u
(552) kọ́rùaụ̀u
(553) kọ́rụ́apu
(554) kọ́rụ́apú
(555) kọ́rụ́apū
(556) kọ́rụ́apù
(557) kọ́rụ́apụ́
(558) kọ́rụ́apụ̄
(559) kọ́rụ́apụ̀
(560) kọ́rụ̄apu
(561) kọ́rụ̄apú
(562) kọ́rụ̄apū
(563) kọ́rụ̄apù
(564) kọ́rụ̄apụ́
(565) kọ́rụ̄apụ̄
(566) kọ́rụ̄apụ̀
(567) kọ́rụ̀apu
(568) kọ́rụ̀apú
(569) kọ́rụ̀apū
(570) kọ́rụ̀apù
(571) kọ́rụ̀apụ́
(572) kọ́rụ̀apụ̄
(573) kọ́rụ̀apụ̀
(574) kọ̀ruapu
(575) kọ̀ruapú
(576) kọ̀ruapū
(577) kọ̀ruapù
(578) kọ̀ruapụ́
(579) kọ̀ruapụ̄
(580) kọ̀ruapụ̀
(581) kọ̀rúauu
(582) kọ̀rúaúu
(583) kọ̀rúaūu
(584) kọ̀rúaùu
(585) kọ̀rúaụ́u
(586) kọ̀rúaụ̄u
(587) kọ̀rúaụ̀u
(588) kọ̀rūauu
(589) kọ̀rūaúu
(590) kọ̀rūaūu
(591) kọ̀rūaùu
(592) kọ̀rūaụ́u
(593) kọ̀rūaụ̄u
(594) kọ̀rūaụ̀u
(595) kọ̀rùauu
(596) kọ̀rùaúu
(597) kọ̀rùaūu
(598) kọ̀rùaùu
(599) kọ̀rùaụ́u
(600) kọ̀rùaụ̄u
(601) kọ̀rùaụ̀u
(602) kọ̀rụ́apu
(603) kọ̀rụ́apú
(604) kọ̀rụ́apū
(605) kọ̀rụ́apù
(606) kọ̀rụ́apụ́
(607) kọ̀rụ́apụ̄
(608) kọ̀rụ́apụ̀
(609) kọ̀rụ̄apu
(610) kọ̀rụ̄apú
(611) kọ̀rụ̄apū
(612) kọ̀rụ̄apù
(613) kọ̀rụ̄apụ́
(614) kọ̀rụ̄apụ̄
(615) kọ̀rụ̄apụ̀
(616) kọ̀rụ̀apu
(617) kọ̀rụ̀apú
(618) kọ̀rụ̀apū
(619) kọ̀rụ̀apù
(620) kọ̀rụ̀apụ́
(621) kọ̀rụ̀apụ̄
(622) kọ̀rụ̀apụ̀
(623) kọ̄ruapu
(624) kọ̄ruapú
(625) kọ̄ruapū
(626) kọ̄ruapù
(627) kọ̄ruapụ́
(628) kọ̄ruapụ̄
(629) kọ̄ruapụ̀
(630) kọ̄rúauu
(631) kọ̄rúaúu
(632) kọ̄rúaūu
(633) kọ̄rúaùu
(634) kọ̄rúaụ́u
(635) kọ̄rúaụ̄u
(636) kọ̄rúaụ̀u
(637) kọ̄rūauu
(638) kọ̄rūaúu
(639) kọ̄rūaūu
(640) kọ̄rūaùu
(641) kọ̄rūaụ́u
(642) kọ̄rūaụ̄u
(643) kọ̄rūaụ̀u
(644) kọ̄rùauu
(645) kọ̄rùaúu
(646) kọ̄rùaūu
(647) kọ̄rùaùu
(648) kọ̄rùaụ́u
(649) kọ̄rùaụ̄u
(650) kọ̄rùaụ̀u
(651) kọ̄rụ́apu
(652) kọ̄rụ́apú
(653) kọ̄rụ́apū
(654) kọ̄rụ́apù
(655) kọ̄rụ́apụ́
(656) kọ̄rụ́apụ̄
(657) kọ̄rụ́apụ̀
(658) kọ̄rụ̄apu
(659) kọ̄rụ̄apú
(660) kọ̄rụ̄apū
(661) kọ̄rụ̄apù
(662) kọ̄rụ̄apụ́
(663) kọ̄rụ̄apụ̄
(664) kọ̄rụ̄apụ̀
(665) kọ̄rụ̀apu
(666) kọ̄rụ̀apú
(667) kọ̄rụ̀apū
(668) kọ̄rụ̀apù
(669) kọ̄rụ̀apụ́
(670) kọ̄rụ̀apụ̄
(671) kọ̄rụ̀apụ̀
(672) koruapu
(673) koruapú
(674) koruapū
(675) koruapù
(676) koruapụ́
(677) koruapụ̄
(678) koruapụ̀
(679) koruāpu
(680) koruāpú
(681) koruāpū
(682) koruāpù
(683) koruāpụ́
(684) koruāpụ̄
(685) koruāpụ̀
(686) koruáuu
(687) koruáúu
(688) koruáūu
(689) koruáùu
(690) koruáụ́u
(691) koruáụ̄u
(692) koruáụ̀u
(693) koruàuu
(694) koruàúu
(695) koruàūu
(696) koruàùu
(697) koruàụ́u
(698) koruàụ̄u
(699) koruàụ̀u
(700) kóraauu
(701) kóraaúu
(702) kóraaūu
(703) kóraaùu
(704) kóraaụ́u
(705) kóraaụ̄u
(706) kóraaụ̀u
(707) kórāauu
(708) kórāaúu
(709) kórāaūu
(710) kórāaùu
(711) kórāaụ́u
(712) kórāaụ̄u
(713) kórāaụ̀u
(714) kóráupu
(715) kóráúpu
(716) kóráūpu
(717) kóráùpu
(718) kóráụ́pu
(719) kóráụ̄pu
(720) kóráụ̀pu
(721) kóràupu
(722) kóràúpu
(723) kóràūpu
(724) kóràùpu
(725) kóràụ́pu
(726) kóràụ̄pu
(727) kóràụ̀pu
(728) kòraauu
(729) kòraaúu
(730) kòraaūu
(731) kòraaùu
(732) kòraaụ́u
(733) kòraaụ̄u
(734) kòraaụ̀u
(735) kòrāauu
(736) kòrāaúu
(737) kòrāaūu
(738) kòrāaùu
(739) kòrāaụ́u
(740) kòrāaụ̄u
(741) kòrāaụ̀u
(742) kòráupu
(743) kòráúpu
(744) kòráūpu
(745) kòráùpu
(746) kòráụ́pu
(747) kòráụ̄pu
(748) kòráụ̀pu
(749) kòràupu
(750) kòràúpu
(751) kòràūpu
(752) kòràùpu
(753) kòràụ́pu
(754) kòràụ̄pu
(755) kòràụ̀pu
(756) kōraauu
(757) kōraaúu
(758) kōraaūu
(759) kōraaùu
(760) kōraaụ́u
(761) kōraaụ̄u
(762) kōraaụ̀u
(763) kōrāauu
(764) kōrāaúu
(765) kōrāaūu
(766) kōrāaùu
(767) kōrāaụ́u
(768) kōrāaụ̄u
(769) kōrāaụ̀u
(770) kōráupu
(771) kōráúpu
(772) kōráūpu
(773) kōráùpu
(774) kōráụ́pu
(775) kōráụ̄pu
(776) kōráụ̀pu
(777) kōràupu
(778) kōràúpu
(779) kōràūpu
(780) kōràùpu
(781) kōràụ́pu
(782) kōràụ̄pu
(783) kōràụ̀pu
(784) kọ́ruapu
(785) kọ́ruapú
(786) kọ́ruapū
(787) kọ́ruapù
(788) kọ́ruapụ́
(789) kọ́ruapụ̄
(790) kọ́ruapụ̀
(791) kọ́ruāpu
(792) kọ́ruāpú
(793) kọ́ruāpū
(794) kọ́ruāpù
(795) kọ́ruāpụ́
(796) kọ́ruāpụ̄
(797) kọ́ruāpụ̀
(798) kọ́ruáuu
(799) kọ́ruáúu
(800) kọ́ruáūu
(801) kọ́ruáùu
(802) kọ́ruáụ́u
(803) kọ́ruáụ̄u
(804) kọ́ruáụ̀u
(805) kọ́ruàuu
(806) kọ́ruàúu
(807) kọ́ruàūu
(808) kọ́ruàùu
(809) kọ́ruàụ́u
(810) kọ́ruàụ̄u
(811) kọ́ruàụ̀u
(812) kọ̀ruapu
(813) kọ̀ruapú
(814) kọ̀ruapū
(815) kọ̀ruapù
(816) kọ̀ruapụ́
(817) kọ̀ruapụ̄
(818) kọ̀ruapụ̀
(819) kọ̀ruāpu
(820) kọ̀ruāpú
(821) kọ̀ruāpū
(822) kọ̀ruāpù
(823) kọ̀ruāpụ́
(824) kọ̀ruāpụ̄
(825) kọ̀ruāpụ̀
(826) kọ̀ruáuu
(827) kọ̀ruáúu
(828) kọ̀ruáūu
(829) kọ̀ruáùu
(830) kọ̀ruáụ́u
(831) kọ̀ruáụ̄u
(832) kọ̀ruáụ̀u
(833) kọ̀ruàuu
(834) kọ̀ruàúu
(835) kọ̀ruàūu
(836) kọ̀ruàùu
(837) kọ̀ruàụ́u
(838) kọ̀ruàụ̄u
(839) kọ̀ruàụ̀u
(840) kọ̄ruapu
(841) kọ̄ruapú
(842) kọ̄ruapū
(843) kọ̄ruapù
(844) kọ̄ruapụ́
(845) kọ̄ruapụ̄
(846) kọ̄ruapụ̀
(847) kọ̄ruāpu
(848) kọ̄ruāpú
(849) kọ̄ruāpū
(850) kọ̄ruāpù
(851) kọ̄ruāpụ́
(852) kọ̄ruāpụ̄
(853) kọ̄ruāpụ̀
(854) kọ̄ruáuu
(855) kọ̄ruáúu
(856) kọ̄ruáūu
(857) kọ̄ruáùu
(858) kọ̄ruáụ́u
(859) kọ̄ruáụ̄u
(860) kọ̄ruáụ̀u
(861) kọ̄ruàuu
(862) kọ̄ruàúu
(863) kọ̄ruàūu
(864) kọ̄ruàùu
(865) kọ̄ruàụ́u
(866) kọ̄ruàụ̄u
(867) kọ̄ruàụ̀u
(868) koruapu
(869) koruapú
(870) koruapū
(871) koruapù
(872) koruapụ́
(873) koruapụ̄
(874) koruapụ̀
(875) koruāpu
(876) koruāpú
(877) koruāpū
(878) koruāpù
(879) koruāpụ́
(880) koruāpụ̄
(881) koruāpụ̀
(882) koruáuu
(883) koruáúu
(884) koruáūu
(885) koruáùu
(886) koruáụ́u
(887) koruáụ̄u
(888) koruáụ̀u
(889) koruàuu
(890) koruàúu
(891) koruàūu
(892) koruàùu
(893) koruàụ́u
(894) koruàụ̄u
(895) koruàụ̀u
(896) koruaauu
(897) koruaaúu
(898) koruaaūu
(899) koruaaùu
(900) koruaaụ́u
(901) koruaaụ̄u
(902) koruaaụ̀u
(903) koruāauu
(904) koruāaúu
(905) koruāaūu
(906) koruāaùu
(907) koruāaụ́u
(908) koruāaụ̄u
(909) koruāaụ̀u
(910) koruáupu
(911) koruáúpu
(912) koruáūpu
(913) koruáùpu
(914) koruáụ́pu
(915) koruáụ̄pu
(916) koruáụ̀pu
(917) koruàupu
(918) koruàúpu
(919) koruàūpu
(920) koruàùpu
(921) koruàụ́pu
(922) koruàụ̄pu
(923) koruàụ̀pu
(924) koruaauu
(925) koruaaúu
(926) koruaaūu
(927) koruaaùu
(928) koruaaụ́u
(929) koruaaụ̄u
(930) koruaaụ̀u
(931) koruāauu
(932) koruāaúu
(933) koruāaūu
(934) koruāaùu
(935) koruāaụ́u
(936) koruāaụ̄u
(937) koruāaụ̀u
(938) koruáupu
(939) koruáúpu
(940) koruáūpu
(941) koruáùpu
(942) koruáụ́pu
(943) koruáụ̄pu
(944) koruáụ̀pu
(945) koruàupu
(946) koruàúpu
(947) koruàūpu
(948) koruàùpu
(949) koruàụ́pu
(950) koruàụ̄pu
(951) koruàụ̀pu
(952) koruaauu
(953) koruaaúu
(954) koruaaūu
(955) koruaaùu
(956) koruaaụ́u
(957) koruaaụ̄u
(958) koruaaụ̀u
(959) koruāauu
(960) koruāaúu
(961) koruāaūu
(962) koruāaùu
(963) koruāaụ́u
(964) koruāaụ̄u
(965) koruāaụ̀u
(966) koruáupu
(967) koruáúpu
(968) koruáūpu
(969) koruáùpu
(970) koruáụ́pu
(971) koruáụ̄pu
(972) koruáụ̀pu
(973) koruàupu
(974) koruàúpu
(975) koruàūpu
(976) koruàùpu
(977) koruàụ́pu
(978) koruàụ̄pu
(979) koruàụ̀pu
(980) korụ́apu
(981) korụ́apú
(982) korụ́apū
(983) korụ́apù
(984) korụ́apụ́
(985) korụ́apụ̄
(986) korụ́apụ̀
(987) korụ́āpu
(988) korụ́āpú
(989) korụ́āpū
(990) korụ́āpù
(991) korụ́āpụ́
(992) korụ́āpụ̄
(993) korụ́āpụ̀
(994) korụ́áuu
(995) korụ́áúu
(996) korụ́áūu
(997) korụ́áùu
(998) korụ́áụ́u
(999) korụ́áụ̄u
(1000) korụ́áụ̀u
(1001) korụ́àuu
(1002) korụ́àúu
(1003) korụ́àūu
(1004) korụ́àùu
(1005) korụ́àụ́u
(1006) korụ́àụ̄u
(1007) korụ́àụ̀u
(1008) korụ̄apu
(1009) korụ̄apú
(1010) korụ̄apū
(1011) korụ̄apù
(1012) korụ̄apụ́
(1013) korụ̄apụ̄
(1014) korụ̄apụ̀
(1015) korụ̄āpu
(1016) korụ̄āpú
(1017) korụ̄āpū
(1018) korụ̄āpù
(1019) korụ̄āpụ́
(1020) korụ̄āpụ̄
(1021) korụ̄āpụ̀
(1022) korụ̄áuu
(1023) korụ̄áúu
(1024) korụ̄áūu
(1025) korụ̄áùu
(1026) korụ̄áụ́u
(1027) korụ̄áụ̄u
(1028) korụ̄áụ̀u
(1029) korụ̄àuu
(1030) korụ̄àúu
(1031) korụ̄àūu
(1032) korụ̄àùu
(1033) korụ̄àụ́u
(1034) korụ̄àụ̄u
(1035) korụ̄àụ̀u
(1036) korụ̀apu
(1037) korụ̀apú
(1038) korụ̀apū
(1039) korụ̀apù
(1040) korụ̀apụ́
(1041) korụ̀apụ̄
(1042) korụ̀apụ̀
(1043) korụ̀āpu
(1044) korụ̀āpú
(1045) korụ̀āpū
(1046) korụ̀āpù
(1047) korụ̀āpụ́
(1048) korụ̀āpụ̄
(1049) korụ̀āpụ̀
(1050) korụ̀áuu
(1051) korụ̀áúu
(1052) korụ̀áūu
(1053) korụ̀áùu
(1054) korụ̀áụ́u
(1055) korụ̀áụ̄u
(1056) korụ̀áụ̀u
(1057) korụ̀àuu
(1058) korụ̀àúu
(1059) korụ̀àūu
(1060) korụ̀àùu
(1061) korụ̀àụ́u
(1062) korụ̀àụ̄u
(1063) korụ̀àụ̀u
(1064) kóuaauu
(1065) kóuaaúu
(1066) kóuaaūu
(1067) kóuaaùu
(1068) kóuaaụ́u
(1069) kóuaaụ̄u
(1070) kóuaaụ̀u
(1071) kóuāauu
(1072) kóuāaúu
(1073) kóuāaūu
(1074) kóuāaùu
(1075) kóuāaụ́u
(1076) kóuāaụ̄u
(1077) kóuāaụ̀u
(1078) kóuáupu
(1079) kóuáúpu
(1080) kóuáūpu
(1081) kóuáùpu
(1082) kóuáụ́pu
(1083) kóuáụ̄pu
(1084) kóuáụ̀pu
(1085) kóuàupu
(1086) kóuàúpu
(1087) kóuàūpu
(1088) kóuàùpu
(1089) kóuàụ́pu
(1090) kóuàụ̄pu
(1091) kóuàụ̀pu
(1092) kóuauupu
(1093) kóuauúpu
(1094) kóuauūpu
(1095) kóuauùpu
(1096) kóuauụ́pu
(1097) kóuauụ̄pu
(1098) kóuauụ̀pu
(1099) kóuāuupu
(1100) kóuāuúpu
(1101) kóuāuūpu
(1102) kóuāuùpu
(1103) kóuāuụ́pu
(1104) kóuāuụ̄pu
(1105) kóuāuụ̀pu
(1106) kóuáuapu
(1107) kóuáúapu
(1108) kóuáūapu
(1109) kóuáùapu
(1110) kóuáụ́apu
(1111) kóuáụ̄apu
(1112) kóuáụ̀apu
(1113) kóuàuapu
(1114) kóuàúapu
(1115) kóuàūapu
(1116) kóuàùapu
(1117) kóuàụ́apu
(1118) kóuàụ̄apu
(1119) kóuàụ̀apu
(1120) kóuauupu
(1121) kóuauúpu
(1122) kóuauūpu
(1123) kóuauùpu
(1124) kóuauụ́pu
(1125) kóuauụ̄pu
(1126) kóuauụ̀pu
(1127) kóuāuupu
(1128) kóuāuúpu
(1129) kóuāuūpu
(1130) kóuāuùpu
(1131) kóuāuụ́pu
(1132) kóuāuụ̄pu
(1133) kóuāuụ̀pu
(1134) kóuáuapu
(1135) kóuáúapu
(1136) kóuáūapu
(1137) kóuáùapu
(1138) kóuáụ́apu
(1139) kóuáụ̄apu
(1140) kóuáụ̀apu
(1141) kóuàuapu
(1142) kóuàúapu
(1143) kóuàūapu
(1144) kóuàùapu
(1145) kóuàụ́apu
(1146) kóuàụ̄apu
(1147) kóuàụ̀apu
(1148) kóuauupu
(1149) kóuauúpu
(1150) kóuauūpu
(1151) kóuauùpu
(1152) kóuauụ́pu
(1153) kóuauụ̄pu
(1154) kóuauụ̀pu
(1155) kóuāuupu
(1156) kóuāuúpu
(1157) kóuāuūpu
(1158) kóuāuùpu
(1159) kóuāuụ́pu
(1160) kóuāuụ̄pu
(1161) kóuāuụ̀pu
(1162) kóuáuapu
(1163) kóuáúapu
(1164) kóuáūapu
(1165) kóuáùapu
(1166) kóuáụ́apu
(1167) kóuáụ̄apu
(1168) kóuáụ̀apu
(1169) kóuàuapu
(1170) kóuàúapu
(1171) kóuàūapu
(1172) kóuàùapu
(1173) kóuàụ́apu
(1174) kóuàụ̄apu
(1175) kóuàụ̀apu
(1176) kóụ́aauu
(1177) kóụ́aaúu
(1178) kóụ́aaūu
(1179) kóụ́aaùu
(1180) kóụ́aaụ́u
(1181) kóụ́aaụ̄u
(1182) kóụ́aaụ̀u
(1183) kóụ́āauu
(1184) kóụ́āaúu
(1185) kóụ́āaūu
(1186) kóụ́āaùu
(1187) kóụ́āaụ́u
(1188) kóụ́āaụ̄u
(1189) kóụ́āaụ̀u
(1190) kóụ́áupu
(1191) kóụ́áúpu
(1192) kóụ́áūpu
(1193) kóụ́áùpu
(1194) kóụ́áụ́pu
(1195) kóụ́áụ̄pu
(1196) kóụ́áụ̀pu
(1197) kóụ́àupu
(1198) kóụ́àúpu
(1199) kóụ́àūpu
(1200) kóụ́àùpu
(1201) kóụ́àụ́pu
(1202) kóụ́àụ̄pu
(1203) kóụ́àụ̀pu
(1204) kóụ̄aauu
(1205) kóụ̄aaúu
(1206) kóụ̄aaūu
(1207) kóụ̄aaùu
(1208) kóụ̄aaụ́u
(1209) kóụ̄aaụ̄u
(1210) kóụ̄aaụ̀u
(1211) kóụ̄āauu
(1212) kóụ̄āaúu
(1213) kóụ̄āaūu
(1214) kóụ̄āaùu
(1215) kóụ̄āaụ́u
(1216) kóụ̄āaụ̄u
(1217) kóụ̄āaụ̀u
(1218) kóụ̄áupu
(1219) kóụ̄áúpu
(1220) kóụ̄áūpu
(1221) kóụ̄áùpu
(1222) kóụ̄áụ́pu
(1223) kóụ̄áụ̄pu
(1224) kóụ̄áụ̀pu
(1225) kóụ̄àupu
(1226) kóụ̄àúpu
(1227) kóụ̄àūpu
(1228) kóụ̄àùpu
(1229) kóụ̄àụ́pu
(1230) kóụ̄àụ̄pu
(1231) kóụ̄àụ̀pu
(1232) kóụ̀aauu
(1233) kóụ̀aaúu
(1234) kóụ̀aaūu
(1235) kóụ̀aaùu
(1236) kóụ̀aaụ́u
(1237) kóụ̀aaụ̄u
(1238) kóụ̀aaụ̀u
(1239) kóụ̀āauu
(1240) kóụ̀āaúu
(1241) kóụ̀āaūu
(1242) kóụ̀āaùu
(1243) kóụ̀āaụ́u
(1244) kóụ̀āaụ̄u
(1245) kóụ̀āaụ̀u
(1246) kóụ̀áupu
(1247) kóụ̀áúpu
(1248) kóụ̀áūpu
(1249) kóụ̀áùpu
(1250) kóụ̀áụ́pu
(1251) kóụ̀áụ̄pu
(1252) kóụ̀áụ̀pu
(1253) kóụ̀àupu
(1254) kóụ̀àúpu
(1255) kóụ̀àūpu
(1256) kóụ̀àùpu
(1257) kóụ̀àụ́pu
(1258) kóụ̀àụ̄pu
(1259) kóụ̀àụ̀pu
(1260) kòuaauu
(1261) kòuaaúu
(1262) kòuaaūu
(1263) kòuaaùu
(1264) kòuaaụ́u
(1265) kòuaaụ̄u
(1266) kòuaaụ̀u
(1267) kòuāauu
(1268) kòuāaúu
(1269) kòuāaūu
(1270) kòuāaùu
(1271) kòuāaụ́u
(1272) kòuāaụ̄u
(1273) kòuāaụ̀u
(1274) kòuáupu
(1275) kòuáúpu
(1276) kòuáūpu
(1277) kòuáùpu
(1278) kòuáụ́pu
(1279) kòuáụ̄pu
(1280) kòuáụ̀pu
(1281) kòuàupu
(1282) kòuàúpu
(1283) kòuàūpu
(1284) kòuàùpu
(1285) kòuàụ́pu
(1286) kòuàụ̄pu
(1287) kòuàụ̀pu
(1288) kòuauupu
(1289) kòuauúpu
(1290) kòuauūpu
(1291) kòuauùpu
(1292) kòuauụ́pu
(1293) kòuauụ̄pu
(1294) kòuauụ̀pu
(1295) kòuāuupu
(1296) kòuāuúpu
(1297) kòuāuūpu
(1298) kòuāuùpu
(1299) kòuāuụ́pu
(1300) kòuāuụ̄pu
(1301) kòuāuụ̀pu
(1302) kòuáuapu
(1303) kòuáúapu
(1304) kòuáūapu
(1305) kòuáùapu
(1306) kòuáụ́apu
(1307) kòuáụ̄apu
(1308) kòuáụ̀apu
(1309) kòuàuapu
(1310) kòuàúapu
(1311) kòuàūapu
(1312) kòuàùapu
(1313) kòuàụ́apu
(1314) kòuàụ̄apu
(1315) kòuàụ̀apu
(1316) kòuauupu
(1317) kòuauúpu
(1318) kòuauūpu
(1319) kòuauùpu
(1320) kòuauụ́pu
(1321) kòuauụ̄pu
(1322) kòuauụ̀pu
(1323) kòuāuupu
(1324) kòuāuúpu
(1325) kòuāuūpu
(1326) kòuāuùpu
(1327) kòuāuụ́pu
(1328) kòuāuụ̄pu
(1329) kòuāuụ̀pu
(1330) kòuáuapu
(1331) kòuáúapu
(1332) kòuáūapu
(1333) kòuáùapu
(1334) kòuáụ́apu
(1335) kòuáụ̄apu
(1336) kòuáụ̀apu
(1337) kòuàuapu
(1338) kòuàúapu
(1339) kòuàūapu
(1340) kòuàùapu
(1341) kòuàụ́apu
(1342) kòuàụ̄apu
(1343) kòuàụ̀apu
(1344) kòuauupu
(1345) kòuauúpu
(1346) kòuauūpu
(1347) kòuauùpu
(1348) kòuauụ́pu
(1349) kòuauụ̄pu
(1350) kòuauụ̀pu
(1351) kòuāuupu
(1352) kòuāuúpu
(1353) kòuāuūpu
(1354) kòuāuùpu
(1355) kòuāuụ́pu
(1356) kòuāuụ̄pu
(1357) kòuāuụ̀pu
(1358) kòuáuapu
(1359) kòuáúapu
(1360) kòuáūapu
(1361) kòuáùapu
(1362) kòuáụ́apu
(1363) kòuáụ̄apu
(1364) kòuáụ̀apu
(1365) kòuàuapu
(1366) kòuàúapu
(1367) kòuàūapu
(1368) kòuàùapu
(1369) kòuàụ́apu
(1370) kòuàụ̄apu
(1371) kòuàụ̀apu
(1372) kòụ́aauu
(1373) kòụ́aaúu
(1374) kòụ́aaūu
(1375) kòụ́aaùu
(1376) kòụ́aaụ́u
(1377) kòụ́aaụ̄u
(1378) kòụ́aaụ̀u
(1379) kòụ́āauu
(1380) kòụ́āaúu
(1381) kòụ́āaūu
(1382) kòụ́āaùu
(1383) kòụ́āaụ́u
(1384) kòụ́āaụ̄u
(1385) kòụ́āaụ̀u
(1386) kòụ́áupu
(1387) kòụ́áúpu
(1388) kòụ́áūpu
(1389) kòụ́áùpu
(1390) kòụ́áụ́pu
(1391) kòụ́áụ̄pu
(1392) kòụ́áụ̀pu
(1393) kòụ́àupu
(1394) kòụ́àúpu
(1395) kòụ́àūpu
(1396) kòụ́àùpu
(1397) kòụ́àụ́pu
(1398) kòụ́àụ̄pu
(1399) kòụ́àụ̀pu
(1400) kòụ̄aauu
(1401) kòụ̄aaúu
(1402) kòụ̄aaūu
(1403) kòụ̄aaùu
(1404) kòụ̄aaụ́u
(1405) kòụ̄aaụ̄u
(1406) kòụ̄aaụ̀u
(1407) kòụ̄āauu
(1408) kòụ̄āaúu
(1409) kòụ̄āaūu
(1410) kòụ̄āaùu
(1411) kòụ̄āaụ́u
(1412) kòụ̄āaụ̄u
(1413) kòụ̄āaụ̀u
(1414) kòụ̄áupu
(1415) kòụ̄áúpu
(1416) kòụ̄áūpu
(1417) kòụ̄áùpu
(1418) kòụ̄áụ́pu
(1419) kòụ̄áụ̄pu
(1420) kòụ̄áụ̀pu
(1421) kòụ̄àupu
(1422) kòụ̄àúpu
(1423) kòụ̄àūpu
(1424) kòụ̄àùpu
(1425) kòụ̄àụ́pu
(1426) kòụ̄àụ̄pu
(1427) kòụ̄àụ̀pu
(1428) kòụ̀aauu
(1429) kòụ̀aaúu
(1430) kòụ̀aaūu
(1431) kòụ̀aaùu
(1432) kòụ̀aaụ́u
(1433) kòụ̀aaụ̄u
(1434) kòụ̀aaụ̀u
(1435) kòụ̀āauu
(1436) kòụ̀āaúu
(1437) kòụ̀āaūu
(1438) kòụ̀āaùu
(1439) kòụ̀āaụ́u
(1440) kòụ̀āaụ̄u
(1441) kòụ̀āaụ̀u
(1442) kòụ̀áupu
(1443) kòụ̀áúpu
(1444) kòụ̀áūpu
(1445) kòụ̀áùpu
(1446) kòụ̀áụ́pu
(1447) kòụ̀áụ̄pu
(1448) kòụ̀áụ̀pu
(1449) kòụ̀àupu
(1450) kòụ̀àúpu
(1451) kòụ̀àūpu
(1452) kòụ̀àùpu
(1453) kòụ̀àụ́pu
(1454) kòụ̀àụ̄pu
(1455) kòụ̀àụ̀pu
(1456) kōuaauu
(1457) kōuaaúu
(1458) kōuaaūu
(1459) kōuaaùu
(1460) kōuaaụ́u
(1461) kōuaaụ̄u
(1462) kōuaaụ̀u
(1463) kōuāauu
(1464) kōuāaúu
(1465) kōuāaūu
(1466) kōuāaùu
(1467) kōuāaụ́u
(1468) kōuāaụ̄u
(1469) kōuāaụ̀u
(1470) kōuáupu
(1471) kōuáúpu
(1472) kōuáūpu
(1473) kōuáùpu
(1474) kōuáụ́pu
(1475) kōuáụ̄pu
(1476) kōuáụ̀pu
(1477) kōuàupu
(1478) kōuàúpu
(1479) kōuàūpu
(1480) kōuàùpu
(1481) kōuàụ́pu
(1482) kōuàụ̄pu
(1483) kōuàụ̀pu
(1484) kōuauupu
(1485) kōuauúpu
(1486) kōuauūpu
(1487) kōuauùpu
(1488) kōuauụ́pu
(1489) kōuauụ̄pu
(1490) kōuauụ̀pu
(1491) kōuāuupu
(1492) kōuāuúpu
(1493) kōuāuūpu
Select Transcription
