(0) Matthew 
(1) Mark 
(2) Luke 
(3) John 
(4) Acts 
(5) Romans 
(6) 1 Corinthians 
(7) 2 Corinthians 
(8) Galatians 
(9) Ephesians 
(10) Philippians 
(11) Colossians 
(12) 1 Thessalonians 
(13) 2 Thessalonians 
(14) 1 Timothy 
(15) 2 Timothy 
(16) Titus 
(17) Philemon 
(18) Hebrews 
(19) James 
(20) 1 Peter 
(21) 2 Peter 
(22) 1 John 
(23) 2 John 
(24) 3 John 
(25) Jude 
(26) Revelation 
Select Book
0
2
word count=38

(15) Nyo koruapu ma igbiki mi oki se ini duko ini piri oku mi now mjeme. Okibo mimgba ene mi la soni, Juapu ma miinipa se ani duko wasama ari oku-e. Jizos Be Bu Se Oria Obudukoapu Ma Dieme 
Processing 'n' ......found (0)
Processing 'y' ......found (0)
Processing 'o' ......found (1)
(0) Nyo
(1) Nyó
(2) Nyò
(3) Nyō
(4) Nyọ́
(5) Nyọ̀
(6) Nyọ̄
Select Transcription
0

(15) Nyo koruapu ma igbiki mi oki se ini duko ini piri oku mi now mjeme. Okibo mimgba ene mi la soni, Juapu ma miinipa se ani duko wasama ari oku-e. Jizos Be Bu Se Oria Obudukoapu Ma Dieme 
Processing 'k' ......found (0)
Processing 'o' ......found (1)
Processing 'r' ......found (0)
Processing 'u' ......found (1)
7
k,o,r,u,a,p,u 0
k,o,́,r,u,a,p,u 49
k,o,̀,r,u,a,p,u 113
k,o,̄,r,u,a,p,u 177
k,ó,̣,r,u,a,p,u 241
k,ò,̣,r,u,a,p,u 305
k,ō,̣,r,u,a,p,u 369
Processing 'a' ......found (1)
62
k,o,r,u,a,p,u 0
k,o,́,r,u,a,p,u 49
k,o,̀,r,u,a,p,u 113
k,o,̄,r,u,a,p,u 177
k,ó,̣,r,u,a,p,u 241
k,ò,̣,r,u,a,p,u 305
k,ō,̣,r,u,a,p,u 369
k,o,r,k,a,p,u 433
k,o,r,o,a,p,u 482
k,o,r,r,a,p,u 531
k,o,r,u,a,p,u 580
k,o,r,a,a,p,u 629
k,o,r,p,a,p,u 678
k,o,r,u,a,p,u 727
k,o,́,k,u,a,p,u 776
k,o,́,o,u,a,p,u 840
k,o,́,́,u,a,p,u 904
k,o,́,r,u,a,p,u 968
Processing 'p' ......found (0)
Processing 'u' ......found (1)
194
k,o,r,u,a,p,u 0
k,o,́,r,u,a,p,u 49
k,o,̀,r,u,a,p,u 113
k,o,̄,r,u,a,p,u 177
k,ó,̣,r,u,a,p,u 241
k,ò,̣,r,u,a,p,u 305
k,ō,̣,r,u,a,p,u 369
k,o,r,k,a,p,u 433
k,o,r,o,a,p,u 482
k,o,r,r,a,p,u 531
k,o,r,u,a,p,u 580
k,o,r,a,a,p,u 629
k,o,r,p,a,p,u 678
k,o,r,u,a,p,u 727
k,o,́,k,u,a,p,u 776
k,o,́,o,u,a,p,u 840
k,o,́,́,u,a,p,u 904
k,o,́,r,u,a,p,u 968
(0) koruapu
(1) kóruapu
(2) kòruapu
(3) kōruapu
(4) kọ́ruapu
(5) kọ̀ruapu
(6) kọ̄ruapu
(7) korkapu
(8) koroapu
(9) korrapu
(10) koruapu
(11) koraapu
(12) korpapu
(13) koruapu
(14) kókuapu
(15) kóouapu
(16) kó́uapu
(17) kóruapu
(18) kóuuapu
(19) kóauapu
(20) kópuapu
(21) kóuuapu
(22) kòkuapu
(23) kòouapu
(24) kò̀uapu
(25) kòruapu
(26) kòuuapu
(27) kòauapu
(28) kòpuapu
(29) kòuuapu
(30) kōkuapu
(31) kōouapu
(32) kō̄uapu
(33) kōruapu
(34) kōuuapu
(35) kōauapu
(36) kōpuapu
(37) kōuuapu
(38) kọ́kuapu
(39) kọ́óuapu
(40) kọ̣́uapu
(41) kọ́ruapu
(42) kọ́uuapu
(43) kọ́auapu
(44) kọ́puapu
(45) kọ́uuapu
(46) kọ̀kuapu
(47) kọ̀òuapu
(48) kọ̣̀uapu
(49) kọ̀ruapu
(50) kọ̀uuapu
(51) kọ̀auapu
(52) kọ̀puapu
(53) kọ̀uuapu
(54) kọ̄kuapu
(55) kọ̄ōuapu
(56) kọ̣̄uapu
(57) kọ̄ruapu
(58) kọ̄uuapu
(59) kọ̄auapu
(60) kọ̄puapu
(61) kọ̄uuapu
(62) korukpu
(63) koruopu
(64) korurpu
(65) koruupu
(66) koruapu
(67) koruppu
(68) koruupu
(69) kórkapu
(70) kóroapu
(71) kóŕapu
(72) kórrapu
(73) kóruapu
(74) kóraapu
(75) kórpapu
(76) kóruapu
(77) kòrkapu
(78) kòroapu
(79) kòr̀apu
(80) kòrrapu
(81) kòruapu
(82) kòraapu
(83) kòrpapu
(84) kòruapu
(85) kōrkapu
(86) kōroapu
(87) kōr̄apu
(88) kōrrapu
(89) kōruapu
(90) kōraapu
(91) kōrpapu
(92) kōruapu
(93) kọ́rkapu
(94) kọ́róapu
(95) kọ́ṛapu
(96) kọ́rrapu
(97) kọ́ruapu
(98) kọ́raapu
(99) kọ́rpapu
(100) kọ́ruapu
(101) kọ̀rkapu
(102) kọ̀ròapu
(103) kọ̀ṛapu
(104) kọ̀rrapu
(105) kọ̀ruapu
(106) kọ̀raapu
(107) kọ̀rpapu
(108) kọ̀ruapu
(109) kọ̄rkapu
(110) kọ̄rōapu
(111) kọ̄ṛapu
(112) kọ̄rrapu
(113) kọ̄ruapu
(114) kọ̄raapu
(115) kọ̄rpapu
(116) kọ̄ruapu
(117) korkkpu
(118) korkopu
(119) korkrpu
(120) korkkpu
(121) korkapu
(122) korkppu
(123) korkupu
(124) korokpu
(125) koroopu
(126) kororpu
(127) koroopu
(128) koroapu
(129) koroppu
(130) koroupu
(131) korrkpu
(132) korropu
(133) korrrpu
(134) korrrpu
(135) korrapu
(136) korrppu
(137) korrupu
(138) korukpu
(139) koruopu
(140) korurpu
(141) koruupu
(142) koruapu
(143) koruppu
(144) koruupu
(145) korakpu
(146) koraopu
(147) korarpu
(148) koraapu
(149) koraapu
(150) korappu
(151) koraupu
(152) korpkpu
(153) korpopu
(154) korprpu
(155) korpppu
(156) korpapu
(157) korpppu
(158) korpupu
(159) korukpu
(160) koruopu
(161) korurpu
(162) koruupu
(163) koruapu
(164) koruppu
(165) koruupu
(166) kókkapu
(167) kókoapu
(168) kóḱapu
(169) kókkapu
(170) kókuapu
(171) kókaapu
(172) kókpapu
(173) kókuapu
(174) kóokapu
(175) kóooapu
(176) kóóapu
(177) kóooapu
(178) kóouapu
(179) kóoaapu
(180) kóopapu
(181) kóouapu
(182) kó́kapu
(183) kó́oapu
(184) kó́́apu
(185) kó́́apu
(186) kó́uapu
(187) kó́aapu
(188) kó́papu
(189) kó́uapu
(190) kórkapu
(191) kóroapu
(192) kóŕapu
(193) kórrapu
(194) koruapk
(195) koruapo
(196) koruapr
(197) koruapu
(198) koruapa
(199) koruapp
(200) koruapu
(201) kóruaku
(202) kóruaou
(203) kóruáu
(204) kóruaru
(205) kóruauu
(206) kóruaau
(207) kóruapu
(208) kóruauu
(209) kòruaku
(210) kòruaou
(211) kòruàu
(212) kòruaru
(213) kòruauu
(214) kòruaau
(215) kòruapu
(216) kòruauu
(217) kōruaku
(218) kōruaou
(219) kōruāu
(220) kōruaru
(221) kōruauu
(222) kōruaau
(223) kōruapu
(224) kōruauu
(225) kọ́ruaku
(226) kọ́ruaóu
(227) kọ́ruạu
(228) kọ́ruaru
(229) kọ́ruauu
(230) kọ́ruaau
(231) kọ́ruapu
(232) kọ́ruauu
(233) kọ̀ruaku
(234) kọ̀ruaòu
(235) kọ̀ruạu
(236) kọ̀ruaru
(237) kọ̀ruauu
(238) kọ̀ruaau
(239) kọ̀ruapu
(240) kọ̀ruauu
(241) kọ̄ruaku
(242) kọ̄ruaōu
(243) kọ̄ruạu
(244) kọ̄ruaru
(245) kọ̄ruauu
(246) kọ̄ruaau
(247) kọ̄ruapu
(248) kọ̄ruauu
(249) korkapk
(250) korkapo
(251) korkapr
(252) korkapk
(253) korkapa
(254) korkapp
(255) korkapu
(256) koroapk
(257) koroapo
(258) koroapr
(259) koroapo
(260) koroapa
(261) koroapp
(262) koroapu
(263) korrapk
(264) korrapo
(265) korrapr
(266) korrapr
(267) korrapa
(268) korrapp
(269) korrapu
(270) koruapk
(271) koruapo
(272) koruapr
(273) koruapu
(274) koruapa
(275) koruapp
(276) koruapu
(277) koraapk
(278) koraapo
(279) koraapr
(280) koraapa
(281) koraapa
(282) koraapp
(283) koraapu
(284) korpapk
(285) korpapo
(286) korpapr
(287) korpapp
(288) korpapa
(289) korpapp
(290) korpapu
(291) koruapk
(292) koruapo
(293) koruapr
(294) koruapu
(295) koruapa
(296) koruapp
(297) koruapu
(298) kókuaku
(299) kókuaou
(300) kókuáu
(301) kókuaku
(302) kókuauu
(303) kókuaau
(304) kókuapu
(305) kókuauu
(306) kóouaku
(307) kóouaou
(308) kóouáu
(309) kóouaou
(310) kóouauu
(311) kóouaau
(312) kóouapu
(313) kóouauu
(314) kó́uaku
(315) kó́uaou
(316) kó́uáu
(317) kó́uáu
(318) kó́uauu
(319) kó́uaau
(320) kó́uapu
(321) kó́uauu
(322) kóruaku
(323) kóruaou
(324) kóruáu
(325) kóruaru
Select Transcription
