(0) Matthew 
(1) Mark 
(2) Luke 
(3) John 
(4) Acts 
(5) Romans 
(6) 1 Corinthians 
(7) 2 Corinthians 
(8) Galatians 
(9) Ephesians 
(10) Philippians 
(11) Colossians 
(12) 1 Thessalonians 
(13) 2 Thessalonians 
(14) 1 Timothy 
(15) 2 Timothy 
(16) Titus 
(17) Philemon 
(18) Hebrews 
(19) James 
(20) 1 Peter 
(21) 2 Peter 
(22) 1 John 
(23) 2 John 
(24) 3 John 
(25) Jude 
(26) Revelation 
Select Book
0
2
word count=38

(15) Nyo koruapu ma igbiki mi oki se ini duko ini piri oku mi now mjeme. Okibo mimgba ene mi la soni, Juapu ma miinipa se ani duko wasama ari oku-e. Jizos Be Bu Se Oria Obudukoapu Ma Dieme 
Processing 'n' ......found (0)
Processing 'y' ......found (0)
Processing 'o' ......found (1)
(0) Nyo
(1) Nyó
(2) Nyò
(3) Nyō
(4) Nyọ́
(5) Nyọ̀
(6) Nyọ̄
Select Transcription
0

(15) Nyo koruapu ma igbiki mi oki se ini duko ini piri oku mi now mjeme. Okibo mimgba ene mi la soni, Juapu ma miinipa se ani duko wasama ari oku-e. Jizos Be Bu Se Oria Obudukoapu Ma Dieme 
Processing 'k' ......found (0)
Processing 'o' ......found (1)
Processing 'r' ......found (0)
Processing 'u' ......found (1)
7
k,o,r,u,a,p,u 0
k,ó,r,u,a,p,u 49
k,ò,r,u,a,p,u 105
k,ō,r,u,a,p,u 161
kọ́,r,u,a,p,u 217
kọ̀,r,u,a,p,u 265
kọ̄,r,u,a,p,u 313
Processing 'a' ......found (1)
53
k,o,r,u,a,p,u 0
k,ó,r,u,a,p,u 49
k,ò,r,u,a,p,u 105
k,ō,r,u,a,p,u 161
kọ́,r,u,a,p,u 217
kọ̀,r,u,a,p,u 265
kọ̄,r,u,a,p,u 313
k,o,r,k,a,p,u 361
k,o,r,o,a,p,u 410
k,o,r,r,a,p,u 459
k,o,r,u,a,p,u 508
k,o,r,a,a,p,u 557
k,o,r,p,a,p,u 606
k,o,r,u,a,p,u 655
k,ó,k,u,a,p,u 704
k,ó,ó,u,a,p,u 760
k,ó,r,u,a,p,u 823
k,ó,u,u,a,p,u 879
k,ó,a,u,a,p,u 935
k,ó,p,u,a,p,u 991
Processing 'p' ......found (0)
Processing 'u' ......found (1)
184
k,o,r,u,a,p,u 0
k,ó,r,u,a,p,u 49
k,ò,r,u,a,p,u 105
k,ō,r,u,a,p,u 161
kọ́,r,u,a,p,u 217
kọ̀,r,u,a,p,u 265
kọ̄,r,u,a,p,u 313
k,o,r,k,a,p,u 361
k,o,r,o,a,p,u 410
k,o,r,r,a,p,u 459
k,o,r,u,a,p,u 508
k,o,r,a,a,p,u 557
k,o,r,p,a,p,u 606
k,o,r,u,a,p,u 655
k,ó,k,u,a,p,u 704
k,ó,ó,u,a,p,u 760
k,ó,r,u,a,p,u 823
k,ó,u,u,a,p,u 879
k,ó,a,u,a,p,u 935
k,ó,p,u,a,p,u 991
(0) koruapu
(1) kóruapu
(2) kòruapu
(3) kōruapu
(4) kọ́ruapu
(5) kọ̀ruapu
(6) kọ̄ruapu
(7) korkapu
(8) koroapu
(9) korrapu
(10) koruapu
(11) koraapu
(12) korpapu
(13) koruapu
(14) kókuapu
(15) kóóuapu
(16) kóruapu
(17) kóuuapu
(18) kóauapu
(19) kópuapu
(20) kóuuapu
(21) kòkuapu
(22) kòòuapu
(23) kòruapu
(24) kòuuapu
(25) kòauapu
(26) kòpuapu
(27) kòuuapu
(28) kōkuapu
(29) kōōuapu
(30) kōruapu
(31) kōuuapu
(32) kōauapu
(33) kōpuapu
(34) kōuuapu
(35) kọ́kọ́uapu
(36) kọ́ruapu
(37) kọ́uuapu
(38) kọ́auapu
(39) kọ́puapu
(40) kọ́uuapu
(41) kọ̀kọ̀uapu
(42) kọ̀ruapu
(43) kọ̀uuapu
(44) kọ̀auapu
(45) kọ̀puapu
(46) kọ̀uuapu
(47) kọ̄kọ̄uapu
(48) kọ̄ruapu
(49) kọ̄uuapu
(50) kọ̄auapu
(51) kọ̄puapu
(52) kọ̄uuapu
(53) korukpu
(54) koruopu
(55) korurpu
(56) koruupu
(57) koruapu
(58) koruppu
(59) koruupu
(60) kórkapu
(61) kóróapu
(62) kórrapu
(63) kóruapu
(64) kóraapu
(65) kórpapu
(66) kóruapu
(67) kòrkapu
(68) kòròapu
(69) kòrrapu
(70) kòruapu
(71) kòraapu
(72) kòrpapu
(73) kòruapu
(74) kōrkapu
(75) kōrōapu
(76) kōrrapu
(77) kōruapu
(78) kōraapu
(79) kōrpapu
(80) kōruapu
(81) kọ́rkọ́apu
(82) kọ́rrapu
(83) kọ́ruapu
(84) kọ́raapu
(85) kọ́rpapu
(86) kọ́ruapu
(87) kọ̀rkọ̀apu
(88) kọ̀rrapu
(89) kọ̀ruapu
(90) kọ̀raapu
(91) kọ̀rpapu
(92) kọ̀ruapu
(93) kọ̄rkọ̄apu
(94) kọ̄rrapu
(95) kọ̄ruapu
(96) kọ̄raapu
(97) kọ̄rpapu
(98) kọ̄ruapu
(99) korkkpu
(100) korkopu
(101) korkrpu
(102) korkkpu
(103) korkapu
(104) korkppu
(105) korkupu
(106) korokpu
(107) koroopu
(108) kororpu
(109) koroopu
(110) koroapu
(111) koroppu
(112) koroupu
(113) korrkpu
(114) korropu
(115) korrrpu
(116) korrrpu
(117) korrapu
(118) korrppu
(119) korrupu
(120) korukpu
(121) koruopu
(122) korurpu
(123) koruupu
(124) koruapu
(125) koruppu
(126) koruupu
(127) korakpu
(128) koraopu
(129) korarpu
(130) koraapu
(131) koraapu
(132) korappu
(133) koraupu
(134) korpkpu
(135) korpopu
(136) korprpu
(137) korpppu
(138) korpapu
(139) korpppu
(140) korpupu
(141) korukpu
(142) koruopu
(143) korurpu
(144) koruupu
(145) koruapu
(146) koruppu
(147) koruupu
(148) kókkapu
(149) kókóapu
(150) kókkapu
(151) kókuapu
(152) kókaapu
(153) kókpapu
(154) kókuapu
(155) kóokuapu
(156) kóoóuapu
(157) kóoóuapu
(158) kóouuapu
(159) kóoauapu
(160) kóopuapu
(161) kóouuapu
(162) kórkapu
(163) kóróapu
(164) kórrapu
(165) kóruapu
(166) kóraapu
(167) kórpapu
(168) kóruapu
(169) kóukapu
(170) kóuóapu
(171) kóuuapu
(172) kóuuapu
(173) kóuaapu
(174) kóupapu
(175) kóuuapu
(176) kóakapu
(177) kóaóapu
(178) kóaaapu
(179) kóauapu
(180) kóaaapu
(181) kóapapu
(182) kóauapu
(183) kópkapu
(184) koruapk
(185) koruapo
(186) koruapr
(187) koruapu
(188) koruapa
(189) koruapp
(190) koruapu
(191) kóruaku
(192) kóruaóu
(193) kóruaru
(194) kóruauu
(195) kóruaau
(196) kóruapu
(197) kóruauu
(198) kòruaku
(199) kòruaòu
(200) kòruaru
(201) kòruauu
(202) kòruaau
(203) kòruapu
(204) kòruauu
(205) kōruaku
(206) kōruaōu
(207) kōruaru
(208) kōruauu
(209) kōruaau
(210) kōruapu
(211) kōruauu
(212) kọ́ruakọ́u
(213) kọ́ruaru
(214) kọ́ruauu
(215) kọ́ruaau
(216) kọ́ruapu
(217) kọ́ruauu
(218) kọ̀ruakọ̀u
(219) kọ̀ruaru
(220) kọ̀ruauu
(221) kọ̀ruaau
(222) kọ̀ruapu
(223) kọ̀ruauu
(224) kọ̄ruakọ̄u
(225) kọ̄ruaru
(226) kọ̄ruauu
(227) kọ̄ruaau
(228) kọ̄ruapu
(229) kọ̄ruauu
(230) korkapk
(231) korkapo
(232) korkapr
(233) korkapk
(234) korkapa
(235) korkapp
(236) korkapu
(237) koroapk
(238) koroapo
(239) koroapr
(240) koroapo
(241) koroapa
(242) koroapp
(243) koroapu
(244) korrapk
(245) korrapo
(246) korrapr
(247) korrapr
(248) korrapa
(249) korrapp
(250) korrapu
(251) koruapk
(252) koruapo
(253) koruapr
(254) koruapu
(255) koruapa
(256) koruapp
(257) koruapu
(258) koraapk
(259) koraapo
(260) koraapr
(261) koraapa
(262) koraapa
(263) koraapp
(264) koraapu
(265) korpapk
(266) korpapo
(267) korpapr
(268) korpapp
(269) korpapa
(270) korpapp
(271) korpapu
(272) koruapk
(273) koruapo
(274) koruapr
(275) koruapu
(276) koruapa
(277) koruapp
(278) koruapu
(279) kókuaku
(280) kókuaóu
(281) kókuaku
(282) kókuauu
(283) kókuaau
(284) kókuapu
(285) kókuauu
(286) kóóukpu
(287) kóóuópu
(288) kóóuópu
(289) kóóuupu
(290) kóóuapu
(291) kóóuppu
(292) kóóuupu
(293) kóruaku
(294) kóruaóu
(295) kóruaru
(296) kóruauu
(297) kóruaau
(298) kóruapu
(299) kóruauu
(300) kóuuaku
(301) kóuuaóu
(302) kóuuauu
(303) kóuuauu
(304) kóuuaau
(305) kóuuapu
(306) kóuuauu
(307) kóauaku
(308) kóauaóu
(309) kóauaau
(310) kóauauu
(311) kóauaau
(312) kóauapu
(313) kóauauu
(314) kópuaku
Select Transcription
